timestamp: 2011-02-03T13:11:04.938966
CREATE TABLE auth_user(
    id INTEGER PRIMARY KEY AUTOINCREMENT,
    first_name CHAR(128),
    last_name CHAR(128),
    email CHAR(512),
    password CHAR(512),
    registration_key CHAR(512),
    reset_password_key CHAR(512)
);
success!
timestamp: 2011-02-03T13:11:04.953388
CREATE TABLE auth_group(
    id INTEGER PRIMARY KEY AUTOINCREMENT,
    role CHAR(512),
    description TEXT
);
success!
timestamp: 2011-02-03T13:11:04.955769
CREATE TABLE auth_membership(
    id INTEGER PRIMARY KEY AUTOINCREMENT,
    user_id INTEGER REFERENCES auth_user(id) ON DELETE CASCADE,
    group_id INTEGER REFERENCES auth_group(id) ON DELETE CASCADE
);
success!
timestamp: 2011-02-03T13:11:04.958120
CREATE TABLE auth_permission(
    id INTEGER PRIMARY KEY AUTOINCREMENT,
    group_id INTEGER REFERENCES auth_group(id) ON DELETE CASCADE,
    name CHAR(512),
    table_name CHAR(512),
    record_id INTEGER
);
success!
timestamp: 2011-02-03T13:11:04.960636
CREATE TABLE auth_event(
    id INTEGER PRIMARY KEY AUTOINCREMENT,
    time_stamp TIMESTAMP,
    client_ip CHAR(512),
    user_id INTEGER REFERENCES auth_user(id) ON DELETE CASCADE,
    origin CHAR(512),
    description TEXT
);
success!
timestamp: 2011-02-03T13:11:04.979121
CREATE TABLE intrebare(
    id INTEGER PRIMARY KEY AUTOINCREMENT,
    numar INTEGER UNIQUE,
    continut CHAR(512) UNIQUE,
    evaluare CHAR(512)
);
success!
DROP TABLE intrebare;
success!
timestamp: 2011-02-03T13:29:21.376548
CREATE TABLE intrebare(
    id INTEGER PRIMARY KEY AUTOINCREMENT,
    numar INTEGER UNIQUE,
    continut CHAR(512) UNIQUE,
    evaluare CHAR(512)
);
success!
timestamp: 2011-02-10T14:28:13.266884
CREATE TABLE chestionar(
    id INTEGER PRIMARY KEY AUTOINCREMENT,
    nume CHAR(512),
    creat TIMESTAMP
);
success!
timestamp: 2011-02-10T14:28:13.285686
ALTER TABLE intrebare ADD chestionar INTEGER REFERENCES chestionar(id) ON DELETE CASCADE;
timestamp: 2011-02-10T14:28:29.063265
CREATE TABLE raspuns(
    id INTEGER PRIMARY KEY AUTOINCREMENT,
    chestionar INTEGER REFERENCES chestionar(id) ON DELETE CASCADE,
    user INTEGER REFERENCES auth_user(id) ON DELETE CASCADE,
    lista TEXT
);
success!
DROP TABLE raspuns;
success!
timestamp: 2011-02-10T15:58:31.078050
CREATE TABLE raspuns(
    id INTEGER PRIMARY KEY AUTOINCREMENT,
    chestionar INTEGER REFERENCES chestionar(id) ON DELETE CASCADE,
    user INTEGER REFERENCES auth_user(id) ON DELETE CASCADE,
    lista TEXT
);
success!
timestamp: 2011-02-10T16:10:19.680694
ALTER TABLE chestionar ADD activ CHAR(512);
timestamp: 2011-02-10T16:15:03.375394
ALTER TABLE chestionar ADD descriere TEXT;
timestamp: 2011-02-10T16:27:16.885194
CREATE TABLE rezultat(
    id INTEGER PRIMARY KEY AUTOINCREMENT,
    chestionar INTEGER REFERENCES chestionar(id) ON DELETE CASCADE,
    index INTEGER,
    nume CHAR(512),
    descriere CHAR(512)
);
timestamp: 2011-02-10T16:28:08.981008
CREATE TABLE rezultat(
    id INTEGER PRIMARY KEY AUTOINCREMENT,
    chestionar INTEGER REFERENCES chestionar(id) ON DELETE CASCADE,
    row INTEGER,
    nume CHAR(512),
    descriere CHAR(512)
);
success!
